<?xml version="1.0" encoding="UTF-8"?>
<!-- Generated by org.testng.reporters.JUnitReportReporter -->
<testsuite hostname="DESKTOP-2A9CD8J" failures="0" tests="1" name="com.Demotests.Demo1" time="0.120" errors="0" timestamp="2021-10-12T21:34:27 IST" skipped="0">
  <testcase classname="com.Demotests.Demo1" name="courseName_test14" time="0.120"/>
  <system-out/>
</testsuite> <!-- com.Demotests.Demo1 -->
