<?xml version="1.0" encoding="UTF-8"?>
<!-- Generated by org.testng.reporters.JUnitReportReporter -->
<testsuite hostname="DESKTOP-2A9CD8J" failures="0" tests="1" name="DatePickerAtFlightBookin" time="19.770" errors="0" timestamp="2021-09-12T04:01:39 IST" skipped="0">
  <testcase classname="DatePickerAtFlightBookin" name="datePicker" time="19.770"/>
  <system-out/>
</testsuite> <!-- DatePickerAtFlightBookin -->
