<?xml version="1.0" encoding="UTF-8"?>
<!-- Generated by org.testng.reporters.JUnitReportReporter -->
<testsuite hostname="DESKTOP-2A9CD8J" failures="0" tests="1" name="OffilinePages.UserPage" time="0.083" errors="0" timestamp="2021-10-21T22:58:00 IST" skipped="0">
  <testcase classname="OffilinePages.UserPage" name="checkUserAccordingToGender" time="0.083"/>
  <system-out/>
</testsuite> <!-- OffilinePages.UserPage -->
