<?xml version="1.0" encoding="UTF-8"?>
<!-- Generated by org.testng.reporters.JUnitReportReporter -->
<testsuite hostname="DESKTOP-2A9CD8J" failures="0" tests="9" name="OffilinePages.DashPage" time="1.188" errors="0" timestamp="2021-10-21T22:07:24 IST" skipped="0">
  <testcase classname="OffilinePages.DashPage" name="openPython_pdf_test05" time="0.050"/>
  <system-out/>
  <testcase classname="OffilinePages.DashPage" name="checkTitle" time="0.012"/>
  <system-out/>
  <testcase classname="OffilinePages.DashPage" name="openPHP_pdf_test04" time="0.118"/>
  <system-out/>
  <testcase classname="OffilinePages.DashPage" name="expectedCheckList" time="0.468"/>
  <system-out/>
  <testcase classname="OffilinePages.DashPage" name="openJ2EE_pdf_test06" time="0.040"/>
  <system-out/>
  <testcase classname="OffilinePages.DashPage" name="checkText" time="0.183"/>
  <system-out/>
  <testcase classname="OffilinePages.DashPage" name="getHeaderTitle_test07" time="0.056"/>
  <system-out/>
  <testcase classname="OffilinePages.DashPage" name="openSelenium_pdf_test03" time="0.072"/>
  <system-out/>
  <testcase classname="OffilinePages.DashPage" name="checkCourses" time="0.189"/>
  <system-out/>
</testsuite> <!-- OffilinePages.DashPage -->
